{
  "RSpec": {
    "coverage": {
      "/Users/maggiehibberd/birthday_app_new/app.rb": {
        "lines": [
          1,
          1,
          1,
          1,
          null,
          1,
          1,
          1,
          null,
          null,
          1,
          null,
          1,
          4,
          null,
          null,
          1,
          null,
          3,
          3,
          3,
          0,
          0,
          0,
          0,
          null,
          0,
          null,
          null,
          0,
          0,
          null,
          null,
          null,
          null,
          null,
          null,
          null,
          null,
          null,
          null,
          null,
          null,
          null,
          null,
          null,
          null,
          null,
          1,
          0,
          0,
          null,
          null,
          null,
          1,
          0,
          0,
          null,
          null,
          null
        ]
      },
      "/Users/maggiehibberd/birthday_app_new/lib/birthday_card.rb": {
        "lines": [
          1,
          1,
          null,
          1,
          1,
          null,
          1,
          5,
          5,
          5,
          null,
          null,
          1,
          3,
          null,
          null,
          null,
          1,
          2,
          2,
          2,
          null,
          2,
          0,
          2,
          1,
          1,
          1,
          0,
          0,
          null,
          null,
          null,
          null
        ]
      },
      "/Users/maggiehibberd/birthday_app_new/spec/birthday_card_spec.rb": {
        "lines": [
          1,
          null,
          1,
          1,
          1,
          1,
          1,
          null,
          1,
          1,
          1,
          null,
          1,
          1,
          1,
          1,
          null,
          1,
          1,
          1,
          null,
          1,
          1,
          1,
          1,
          1,
          null,
          null
        ]
      },
      "/Users/maggiehibberd/birthday_app_new/spec/features/future_birthday_spec.rb": {
        "lines": [
          1,
          1,
          1,
          1,
          1,
          1,
          1,
          1,
          null,
          null
        ]
      },
      "/Users/maggiehibberd/birthday_app_new/spec/features/its_your_birthday_spec.rb": {
        "lines": [
          1,
          1,
          1,
          1,
          1,
          1,
          1,
          1,
          null,
          null
        ]
      },
      "/Users/maggiehibberd/birthday_app_new/spec/features/sign_in_spec.rb": {
        "lines": [
          1,
          1,
          1,
          1,
          null,
          null,
          1,
          1,
          1,
          1,
          1,
          1,
          1,
          null,
          null
        ]
      }
    },
    "timestamp": 1630425691
  }
}
