{
  "RSpec": {
    "coverage": {
      "/Users/maggiehibberd/birthday_app_new/app.rb": {
        "lines": [
          1,
          1,
          null,
          1,
          1,
          1,
          null,
          null,
          1,
          null,
          1,
          3,
          null,
          null,
          1,
          null,
          null,
          null,
          null
        ]
      },
      "/Users/maggiehibberd/birthday_app_new/spec/features/sign_in_spec.rb": {
        "lines": [
          1,
          1,
          1,
          1,
          null,
          1,
          1,
          1,
          1,
          null,
          1,
          1,
          1,
          1,
          null,
          null
        ]
      }
    },
    "timestamp": 1620316368
  }
}
